<?xml version='1.0' encoding='UTF-8'?>
<testsuite hostname="LAPTOP-616OKG5R" name="perf.Stability" tests="1" errors="0" failures="1" skipped="0" time="3611549.988" timestamp="2022-10-15T22:35:45">
          <properties>
[...]
</properties>
          <testcase classname="perf.Stability" name="" time="3611549.988">
                      <failure message="No Exception or message provided"/>
                    </testcase>
          <system-out><![CDATA[]]></system-out>
          <system-err><![CDATA[]]></system-err>
        </testsuite>